2018-08-03 16:52:10 [application] 
[exception.CErrorException]  exception 'CErrorException' with message '未找到action， 

group:public,module:biz,controller:admin,action:household  ' in D:\wamp64\www\cc2\route\process\CRequestProcess.php:72
Stack trace:
#0 D:\wamp64\www\cc2\base\CApp.php(282): CC\route\process\CRequestProcess::init()
#1 D:\wamp64\www\cc2\base\CApp.php(253): CApp->processRequest()
#2 D:\wamp64\www\pms\index.php(29): CApp->run()
#3 {main}

REQUEST_URI=  /pms/public/biz/admin/household/js/import.js

POST 数据：   array (
)

==========================================================================

2018-08-03 16:54:01 [application] 
[exception.CErrorException]  exception 'CErrorException' with message '未找到action， 

group:public,module:biz,controller:admin,action:household  ' in D:\wamp64\www\cc2\route\process\CRequestProcess.php:72
Stack trace:
#0 D:\wamp64\www\cc2\base\CApp.php(282): CC\route\process\CRequestProcess::init()
#1 D:\wamp64\www\cc2\base\CApp.php(253): CApp->processRequest()
#2 D:\wamp64\www\pms\index.php(29): CApp->run()
#3 {main}

REQUEST_URI=  /pms/public/biz/admin/household/js/import.js

POST 数据：   array (
)

==========================================================================

2018-08-03 16:56:19 [application] 
[exception.CErrorException]  exception 'CErrorException' with message '未找到action， 

group:public,module:biz,controller:admin,action:household  ' in D:\wamp64\www\cc2\route\process\CRequestProcess.php:72
Stack trace:
#0 D:\wamp64\www\cc2\base\CApp.php(282): CC\route\process\CRequestProcess::init()
#1 D:\wamp64\www\cc2\base\CApp.php(253): CApp->processRequest()
#2 D:\wamp64\www\pms\index.php(29): CApp->run()
#3 {main}

REQUEST_URI=  /pms/public/biz/admin/household/js/import.js

POST 数据：   array (
)

==========================================================================

2018-08-03 17:15:07 [application] 
[exception.CErrorException]  exception 'CErrorException' with message '未找到action， 

group:public,module:biz,controller:admin,action:household  ' in D:\wamp64\www\cc2\route\process\CRequestProcess.php:72
Stack trace:
#0 D:\wamp64\www\cc2\base\CApp.php(282): CC\route\process\CRequestProcess::init()
#1 D:\wamp64\www\cc2\base\CApp.php(253): CApp->processRequest()
#2 D:\wamp64\www\pms\index.php(29): CApp->run()
#3 {main}

REQUEST_URI=  /pms/public/biz/admin/household/js/import.js

POST 数据：   array (
)

==========================================================================

2018-08-03 17:16:05 [application] 
[exception.CErrorException]  exception 'CErrorException' with message '未找到action， 

group:public,module:biz,controller:admin,action:household  ' in D:\wamp64\www\cc2\route\process\CRequestProcess.php:72
Stack trace:
#0 D:\wamp64\www\cc2\base\CApp.php(282): CC\route\process\CRequestProcess::init()
#1 D:\wamp64\www\cc2\base\CApp.php(253): CApp->processRequest()
#2 D:\wamp64\www\pms\index.php(29): CApp->run()
#3 {main}

REQUEST_URI=  /pms/public/biz/admin/household/js/import.js

POST 数据：   array (
)

==========================================================================

2018-08-03 17:47:52 [application] 
[exception.CErrorException]  exception 'CErrorException' with message '未找到action， 

group:public,module:biz,controller:admin,action:household  ' in D:\wamp64\www\cc2\route\process\CRequestProcess.php:72
Stack trace:
#0 D:\wamp64\www\cc2\base\CApp.php(282): CC\route\process\CRequestProcess::init()
#1 D:\wamp64\www\cc2\base\CApp.php(253): CApp->processRequest()
#2 D:\wamp64\www\pms\index.php(29): CApp->run()
#3 {main}

REQUEST_URI=  /pms/public/biz/admin/household/js/import.js

POST 数据：   array (
)

==========================================================================

2018-08-03 17:53:36 [application] 
[exception.CErrorException]  exception 'CErrorException' with message '未找到action， 

group:public,module:biz,controller:admin,action:household  ' in D:\wamp64\www\cc2\route\process\CRequestProcess.php:72
Stack trace:
#0 D:\wamp64\www\cc2\base\CApp.php(282): CC\route\process\CRequestProcess::init()
#1 D:\wamp64\www\cc2\base\CApp.php(253): CApp->processRequest()
#2 D:\wamp64\www\pms\index.php(29): CApp->run()
#3 {main}

REQUEST_URI=  /pms/public/biz/admin/household/js/import.js

POST 数据：   array (
)

==========================================================================

2018-08-03 17:54:19 [application] 
[exception.CErrorException]  exception 'CErrorException' with message '未找到action， 

group:public,module:biz,controller:admin,action:household  ' in D:\wamp64\www\cc2\route\process\CRequestProcess.php:72
Stack trace:
#0 D:\wamp64\www\cc2\base\CApp.php(282): CC\route\process\CRequestProcess::init()
#1 D:\wamp64\www\cc2\base\CApp.php(253): CApp->processRequest()
#2 D:\wamp64\www\pms\index.php(29): CApp->run()
#3 {main}

REQUEST_URI=  /pms/public/biz/admin/household/js/import.js

POST 数据：   array (
)

==========================================================================

2018-08-03 17:54:20 [application] 
[exception.CErrorException]  exception 'CErrorException' with message '未找到action， 

group:public,module:biz,controller:admin,action:household  ' in D:\wamp64\www\cc2\route\process\CRequestProcess.php:72
Stack trace:
#0 D:\wamp64\www\cc2\base\CApp.php(282): CC\route\process\CRequestProcess::init()
#1 D:\wamp64\www\cc2\base\CApp.php(253): CApp->processRequest()
#2 D:\wamp64\www\pms\index.php(29): CApp->run()
#3 {main}

REQUEST_URI=  /pms/public/biz/admin/household/js/import.js

POST 数据：   array (
)

==========================================================================

2018-08-03 17:54:20 [application] 
[exception.CErrorException]  exception 'CErrorException' with message '未找到action， 

group:public,module:biz,controller:admin,action:household  ' in D:\wamp64\www\cc2\route\process\CRequestProcess.php:72
Stack trace:
#0 D:\wamp64\www\cc2\base\CApp.php(282): CC\route\process\CRequestProcess::init()
#1 D:\wamp64\www\cc2\base\CApp.php(253): CApp->processRequest()
#2 D:\wamp64\www\pms\index.php(29): CApp->run()
#3 {main}

REQUEST_URI=  /pms/public/biz/admin/household/js/import.js

POST 数据：   array (
)

==========================================================================

